\BOOKMARK [1][-]{section.1}{Data Integration}{}% 1
\BOOKMARK [2][-]{subsection.1.1}{Introduction}{section.1}% 2
\BOOKMARK [3][-]{subsubsection.1.1.1}{Interoperability}{subsection.1.1}% 3
\BOOKMARK [3][-]{subsubsection.1.1.2}{4 Vs of Big Data in data integration}{subsection.1.1}% 4
\BOOKMARK [3][-]{subsubsection.1.1.3}{Heterogeneity}{subsection.1.1}% 5
\BOOKMARK [2][-]{subsection.1.2}{The Steps of Data Integration}{section.1}% 6
\BOOKMARK [3][-]{subsubsection.1.2.1}{Design Steps for Data Integration}{subsection.1.2}% 7
\BOOKMARK [2][-]{subsection.1.3}{Conflict Analysis}{section.1}% 8
\BOOKMARK [3][-]{subsubsection.1.3.1}{Conflict Types}{subsection.1.3}% 9
\BOOKMARK [2][-]{subsection.1.4}{Mapping between the Global Logical Schema and the Single Source Schemata \(logical view definition\)}{section.1}% 10
\BOOKMARK [2][-]{subsection.1.5}{Inconsistencies in the Data}{section.1}% 11
\BOOKMARK [3][-]{subsubsection.1.5.1}{Record Linkage \(aka Entity Resolution\)}{subsection.1.5}% 12
\BOOKMARK [3][-]{subsubsection.1.5.2}{Data Fusion}{subsection.1.5}% 13
\BOOKMARK [2][-]{subsection.1.6}{Data Model Heterogeneity}{section.1}% 14
\BOOKMARK [1][-]{section.2}{Semistructured Data Integration}{}% 15
\BOOKMARK [2][-]{subsection.2.1}{Mediators}{section.2}% 16
\BOOKMARK [3][-]{subsubsection.2.1.1}{Tsimmis}{subsection.2.1}% 17
\BOOKMARK [2][-]{subsection.2.2}{Ontologies}{section.2}% 18
\BOOKMARK [3][-]{subsubsection.2.2.1}{Problem in information extraction from HTML docs}{subsection.2.2}% 19
\BOOKMARK [3][-]{subsubsection.2.2.2}{Ontologies, a way to solve the problem of automatic semantic matching}{subsection.2.2}% 20
\BOOKMARK [2][-]{subsection.2.3}{Semantic Web}{section.2}% 21
\BOOKMARK [3][-]{subsubsection.2.3.1}{RDF and OWL}{subsection.2.3}% 22
\BOOKMARK [2][-]{subsection.2.4}{Reasoning Services}{section.2}% 23
\BOOKMARK [2][-]{subsection.2.5}{Ontologies and Integration Problems}{section.2}% 24
\BOOKMARK [3][-]{subsubsection.2.5.1}{How can ontologies support integration?}{subsection.2.5}% 25
\BOOKMARK [1][-]{section.3}{New trends in Data Integration Research and Development}{}% 26
\BOOKMARK [2][-]{subsection.3.1}{Uncertainty in Data Integration}{section.3}% 27
\BOOKMARK [3][-]{subsubsection.3.1.1}{Entity Resolution}{subsection.3.1}% 28
\BOOKMARK [3][-]{subsubsection.3.1.2}{Data Provenance}{subsection.3.1}% 29
\BOOKMARK [2][-]{subsection.3.2}{Building Large-Scale Structured Web Databases}{section.3}% 30
\BOOKMARK [3][-]{subsubsection.3.2.1}{Lightweight Integration}{subsection.3.2}% 31
\BOOKMARK [3][-]{subsubsection.3.2.2}{Mashup}{subsection.3.2}% 32
\BOOKMARK [3][-]{subsubsection.3.2.3}{Pay-as-you-go management}{subsection.3.2}% 33
\BOOKMARK [2][-]{subsection.3.3}{Data Spaces}{section.3}% 34
\BOOKMARK [1][-]{section.4}{Data Analysis and Exploration}{}% 35
\BOOKMARK [2][-]{subsection.4.1}{Analysis of Data}{section.4}% 36
\BOOKMARK [2][-]{subsection.4.2}{Data Exploration}{section.4}% 37
\BOOKMARK [2][-]{subsection.4.3}{What is Data Mining}{section.4}% 38
\BOOKMARK [3][-]{subsubsection.4.3.1}{Methods}{subsection.4.3}% 39
\BOOKMARK [3][-]{subsubsection.4.3.2}{Challenges of Data Mining}{subsection.4.3}% 40
\BOOKMARK [1][-]{section.5}{Data Warehouse}{}% 41
\BOOKMARK [2][-]{subsection.5.1}{What is a Data Warehouse}{section.5}% 42
\BOOKMARK [3][-]{subsubsection.5.1.1}{Evolution of Data Warehouses}{subsection.5.1}% 43
\BOOKMARK [2][-]{subsection.5.2}{Data Model for OLAP}{section.5}% 44
\BOOKMARK [3][-]{subsubsection.5.2.1}{OLAP Operations}{subsection.5.2}% 45
\BOOKMARK [3][-]{subsubsection.5.2.2}{OLAP LOGICAL MODELS}{subsection.5.2}% 46
\BOOKMARK [2][-]{subsection.5.3}{Data Warehouse Design}{section.5}% 47
\BOOKMARK [3][-]{subsubsection.5.3.1}{Aggregate Operators}{subsection.5.3}% 48
\BOOKMARK [3][-]{subsubsection.5.3.2}{Star Schema vs. Snowflake Schema}{subsection.5.3}% 49
\BOOKMARK [3][-]{subsubsection.5.3.3}{Conceptual Design}{subsection.5.3}% 50
\BOOKMARK [1][-]{section.6}{Big Data Architectures and Data Ethics}{}% 51
\BOOKMARK [2][-]{subsection.6.1}{NoSQL Databases}{section.6}% 52
\BOOKMARK [3][-]{subsubsection.6.1.1}{Transactional Systems}{subsection.6.1}% 53
\BOOKMARK [3][-]{subsubsection.6.1.2}{Big Data and the Cloud}{subsection.6.1}% 54
\BOOKMARK [3][-]{subsubsection.6.1.3}{NoSQL databases}{subsection.6.1}% 55
\BOOKMARK [3][-]{subsubsection.6.1.4}{NoSQL for Data Warehouses?}{subsection.6.1}% 56
\BOOKMARK [3][-]{subsubsection.6.1.5}{Data Model}{subsection.6.1}% 57
\BOOKMARK [3][-]{subsubsection.6.1.6}{CAP Theorem}{subsection.6.1}% 58
\BOOKMARK [2][-]{subsection.6.2}{Data Ethics}{section.6}% 59
\BOOKMARK [3][-]{subsubsection.6.2.1}{Ethical Dimensions}{subsection.6.2}% 60
\BOOKMARK [1][-]{section.7}{Data Quality}{}% 61
\BOOKMARK [2][-]{subsection.7.1}{Introduction}{section.7}% 62
\BOOKMARK [2][-]{subsection.7.2}{Data Quality Management}{section.7}% 63
\BOOKMARK [3][-]{subsubsection.7.2.1}{Quality Dimensions}{subsection.7.2}% 64
\BOOKMARK [3][-]{subsubsection.7.2.2}{Assessment Techniques}{subsection.7.2}% 65
\BOOKMARK [3][-]{subsubsection.7.2.3}{Analysis Techniques}{subsection.7.2}% 66
\BOOKMARK [3][-]{subsubsection.7.2.4}{Data Quality Improvement}{subsection.7.2}% 67
\BOOKMARK [3][-]{subsubsection.7.2.5}{Data Fusion}{subsection.7.2}% 68
